<?xml version="1.0" encoding="UTF-8"?>
<testng-results total="4" passed="3" failed="1" skipped="0">
  <reporter-output>
  </reporter-output>
  <suite started-at="2020-12-14T10:10:26Z" name="Suite" finished-at="2020-12-14T10:11:07Z" duration-ms="40503">
    <groups>
    </groups>
    <test started-at="2020-12-14T10:10:26Z" name="LandingPAge" finished-at="2020-12-14T10:10:56Z" duration-ms="30383">
      <class name="Academy.LandingPageTest">
        <test-method is-config="true" signature="initalize()[pri:0, instance:Academy.LandingPageTest@13006998]" started-at="2020-12-14T15:40:26Z" name="initalize" finished-at="2020-12-14T15:40:54Z" duration-ms="28052" status="PASS">
          <reporter-output>
          </reporter-output>
        </test-method> <!-- initalize -->
        <test-method signature="basePageNavigation()[pri:0, instance:Academy.LandingPageTest@13006998]" started-at="2020-12-14T15:40:54Z" name="basePageNavigation" finished-at="2020-12-14T15:40:54Z" duration-ms="206" status="FAIL">
          <exception class="java.lang.AssertionError">
            <message>
              <![CDATA[expected [FEATURED45 COURSES] but found [FEATURED COURSES]]]>
            </message>
            <full-stacktrace>
              <![CDATA[java.lang.AssertionError: expected [FEATURED45 COURSES] but found [FEATURED COURSES]
	at org.testng.Assert.fail(Assert.java:94)
	at org.testng.Assert.failNotEquals(Assert.java:494)
	at org.testng.Assert.assertEquals(Assert.java:123)
	at org.testng.Assert.assertEquals(Assert.java:176)
	at org.testng.Assert.assertEquals(Assert.java:186)
	at Academy.LandingPageTest.basePageNavigation(LandingPageTest.java:36)
	at java.base/jdk.internal.reflect.NativeMethodAccessorImpl.invoke0(Native Method)
	at java.base/jdk.internal.reflect.NativeMethodAccessorImpl.invoke(NativeMethodAccessorImpl.java:62)
	at java.base/jdk.internal.reflect.DelegatingMethodAccessorImpl.invoke(DelegatingMethodAccessorImpl.java:43)
	at java.base/java.lang.reflect.Method.invoke(Method.java:566)
	at org.testng.internal.MethodInvocationHelper.invokeMethod(MethodInvocationHelper.java:80)
	at org.testng.internal.Invoker.invokeMethod(Invoker.java:714)
	at org.testng.internal.Invoker.invokeTestMethod(Invoker.java:901)
	at org.testng.internal.Invoker.invokeTestMethods(Invoker.java:1231)
	at org.testng.internal.TestMethodWorker.invokeTestMethods(TestMethodWorker.java:127)
	at org.testng.internal.TestMethodWorker.run(TestMethodWorker.java:111)
	at org.testng.TestRunner.privateRun(TestRunner.java:767)
	at org.testng.TestRunner.run(TestRunner.java:617)
	at org.testng.SuiteRunner.runTest(SuiteRunner.java:334)
	at org.testng.SuiteRunner.access$000(SuiteRunner.java:37)
	at org.testng.SuiteRunner$SuiteWorker.run(SuiteRunner.java:368)
	at org.testng.internal.thread.ThreadUtil$2.call(ThreadUtil.java:64)
	at java.base/java.util.concurrent.FutureTask.run(FutureTask.java:264)
	at java.base/java.util.concurrent.ThreadPoolExecutor.runWorker(ThreadPoolExecutor.java:1128)
	at java.base/java.util.concurrent.ThreadPoolExecutor$Worker.run(ThreadPoolExecutor.java:628)
	at java.base/java.lang.Thread.run(Thread.java:834)
]]>
            </full-stacktrace>
          </exception> <!-- java.lang.AssertionError -->
          <reporter-output>
          </reporter-output>
        </test-method> <!-- basePageNavigation -->
        <test-method is-config="true" signature="tearDown()[pri:0, instance:Academy.LandingPageTest@13006998]" started-at="2020-12-14T15:40:56Z" name="tearDown" finished-at="2020-12-14T15:40:56Z" duration-ms="740" status="PASS">
          <reporter-output>
          </reporter-output>
        </test-method> <!-- tearDown -->
      </class> <!-- Academy.LandingPageTest -->
    </test> <!-- LandingPAge -->
    <test started-at="2020-12-14T10:10:26Z" name="LoginPageTest" finished-at="2020-12-14T10:11:07Z" duration-ms="40503">
      <class name="Academy.HomePage">
        <test-method is-config="true" signature="driverinitalize()[pri:0, instance:Academy.HomePage@21362712]" started-at="2020-12-14T15:40:26Z" name="driverinitalize" finished-at="2020-12-14T15:40:55Z" duration-ms="28535" status="PASS">
          <reporter-output>
          </reporter-output>
        </test-method> <!-- driverinitalize -->
        <test-method signature="basePageNavigation(java.lang.String, java.lang.String)[pri:0, instance:Academy.HomePage@21362712]" started-at="2020-12-14T15:40:55Z" name="basePageNavigation" data-provider="getData" finished-at="2020-12-14T15:41:00Z" duration-ms="5508" status="PASS">
          <params>
            <param index="0">
              <value>
                <![CDATA[asdfadsf]]>
              </value>
            </param>
            <param index="1">
              <value>
                <![CDATA[asdfadsf]]>
              </value>
            </param>
          </params>
          <reporter-output>
          </reporter-output>
        </test-method> <!-- basePageNavigation -->
        <test-method signature="basePageNavigation(java.lang.String, java.lang.String)[pri:0, instance:Academy.HomePage@21362712]" started-at="2020-12-14T15:41:00Z" name="basePageNavigation" data-provider="getData" finished-at="2020-12-14T15:41:03Z" duration-ms="3130" status="PASS">
          <params>
            <param index="0">
              <value>
                <![CDATA[wwow]]>
              </value>
            </param>
            <param index="1">
              <value>
                <![CDATA[asdnfn]]>
              </value>
            </param>
          </params>
          <reporter-output>
          </reporter-output>
        </test-method> <!-- basePageNavigation -->
        <test-method signature="basePageNavigation(java.lang.String, java.lang.String)[pri:0, instance:Academy.HomePage@21362712]" started-at="2020-12-14T15:41:03Z" name="basePageNavigation" data-provider="getData" finished-at="2020-12-14T15:41:06Z" duration-ms="3161" status="PASS">
          <params>
            <param index="0">
              <value>
                <![CDATA[asdfn]]>
              </value>
            </param>
            <param index="1">
              <value>
                <![CDATA[asdf]]>
              </value>
            </param>
          </params>
          <reporter-output>
          </reporter-output>
        </test-method> <!-- basePageNavigation -->
        <test-method is-config="true" signature="tearDown()[pri:0, instance:Academy.HomePage@21362712]" started-at="2020-12-14T15:41:06Z" name="tearDown" finished-at="2020-12-14T15:41:07Z" duration-ms="147" status="PASS">
          <reporter-output>
          </reporter-output>
        </test-method> <!-- tearDown -->
      </class> <!-- Academy.HomePage -->
    </test> <!-- LoginPageTest -->
  </suite> <!-- Suite -->
</testng-results>
